Using pre-set license
Built from '2020.3/release' branch; Version is '2020.3.31f1 (6b54b7616050) revision 7034039'; Using compiler version '192528614'; Build Type 'Release'
OS: 'Windows 11  (10.0.22000) 64bit Core' Language: 'de' Physical Memory: 7524 MB
BatchMode: 1, IsHumanControllingUs: 0, StartBugReporterOnCrash: 0, Is64bit: 1, IsPro: 0

COMMAND LINE ARGUMENTS:
C:\Program Files\Unity\Hub\Editor\2020.3.31f1\Editor\Unity.exe
-adb2
-batchMode
-noUpm
-name
AssetImportWorker0
-projectPath
C:/Unity/Dasynce
-logFile
Logs/AssetImportWorker0.log
-srvPort
50357
Successfully changed project path to: C:/Unity/Dasynce
C:/Unity/Dasynce
Using Asset Import Pipeline V2.
Refreshing native plugins compatible for Editor in 121.35 ms, found 3 plugins.
Preloading 0 native plugins for Editor in 0.00 ms.
Initialize engine version: 2020.3.31f1 (6b54b7616050)
[Subsystems] Discovering subsystems at path C:/Program Files/Unity/Hub/Editor/2020.3.31f1/Editor/Data/Resources/UnitySubsystems
[Subsystems] Discovering subsystems at path C:/Unity/Dasynce/Assets
GfxDevice: creating device client; threaded=0
Direct3D:
    Version:  Direct3D 11.0 [level 11.1]
    Renderer: AMD Radeon(TM) Graphics (ID=0x1638)
    Vendor:   
    VRAM:     3762 MB
    Driver:   30.0.14026.1
Initialize mono
Mono path[0] = 'C:/Program Files/Unity/Hub/Editor/2020.3.31f1/Editor/Data/Managed'
Mono path[1] = 'C:/Program Files/Unity/Hub/Editor/2020.3.31f1/Editor/Data/MonoBleedingEdge/lib/mono/unityjit'
Mono config path = 'C:/Program Files/Unity/Hub/Editor/2020.3.31f1/Editor/Data/MonoBleedingEdge/etc'
Using monoOptions --debugger-agent=transport=dt_socket,embedding=1,server=y,suspend=n,address=127.0.0.1:56320
Begin MonoManager ReloadAssembly
Registering precompiled unity dll's ...
Register platform support module: C:/Program Files/Unity/Hub/Editor/2020.3.31f1/Editor/Data/PlaybackEngines/WebGLSupport/UnityEditor.WebGL.Extensions.dll
Register platform support module: C:/Program Files/Unity/Hub/Editor/2020.3.31f1/Editor/Data/PlaybackEngines/WindowsStandaloneSupport/UnityEditor.WindowsStandalone.Extensions.dll
Registered in 0.005418 seconds.
Native extension for WindowsStandalone target not found
Native extension for WebGL target not found
Refreshing native plugins compatible for Editor in 108.14 ms, found 3 plugins.
Preloading 0 native plugins for Editor in 0.00 ms.
Mono: successfully reloaded assembly
- Completed reload, in  1.250 seconds
Domain Reload Profiling:
	ReloadAssembly (1250ms)
		BeginReloadAssembly (161ms)
			ExecutionOrderSort (0ms)
			DisableScriptedObjects (0ms)
			BackupInstance (0ms)
			ReleaseScriptingObjects (0ms)
			CreateAndSetChildDomain (3ms)
		EndReloadAssembly (954ms)
			LoadAssemblies (156ms)
			RebuildTransferFunctionScriptingTraits (1ms)
			SetupTypeCache (296ms)
			ReleaseScriptCaches (0ms)
			RebuildScriptCaches (54ms)
			SetupLoadedEditorAssemblies (398ms)
				LogAssemblyErrors (0ms)
				InitializePlatformSupportModulesInManaged (12ms)
				SetLoadedEditorAssemblies (1ms)
				RefreshPlugins (108ms)
				BeforeProcessingInitializeOnLoad (33ms)
				ProcessInitializeOnLoadAttributes (186ms)
				ProcessInitializeOnLoadMethodAttributes (58ms)
				AfterProcessingInitializeOnLoad (0ms)
				EditorAssembliesLoaded (1ms)
			ExecutionOrderSort2 (0ms)
			AwakeInstancesAfterBackupRestoration (0ms)
Platform modules already initialized, skipping
Registering precompiled user dll's ...
Registered in 0.011557 seconds.
Begin MonoManager ReloadAssembly
Native extension for WindowsStandalone target not found
Native extension for WebGL target not found
Refreshing native plugins compatible for Editor in 117.23 ms, found 3 plugins.
Preloading 0 native plugins for Editor in 0.00 ms.
Mono: successfully reloaded assembly
- Completed reload, in  2.313 seconds
Domain Reload Profiling:
	ReloadAssembly (2315ms)
		BeginReloadAssembly (268ms)
			ExecutionOrderSort (0ms)
			DisableScriptedObjects (9ms)
			BackupInstance (0ms)
			ReleaseScriptingObjects (0ms)
			CreateAndSetChildDomain (34ms)
		EndReloadAssembly (1917ms)
			LoadAssemblies (274ms)
			RebuildTransferFunctionScriptingTraits (0ms)
			SetupTypeCache (526ms)
			ReleaseScriptCaches (1ms)
			RebuildScriptCaches (91ms)
			SetupLoadedEditorAssemblies (817ms)
				LogAssemblyErrors (0ms)
				InitializePlatformSupportModulesInManaged (9ms)
				SetLoadedEditorAssemblies (0ms)
				RefreshPlugins (117ms)
				BeforeProcessingInitializeOnLoad (237ms)
				ProcessInitializeOnLoadAttributes (405ms)
				ProcessInitializeOnLoadMethodAttributes (37ms)
				AfterProcessingInitializeOnLoad (11ms)
				EditorAssembliesLoaded (0ms)
			ExecutionOrderSort2 (0ms)
			AwakeInstancesAfterBackupRestoration (12ms)
Platform modules already initialized, skipping
========================================================================
Worker process is ready to serve import requests
Launched and connected shader compiler UnityShaderCompiler.exe after 0.09 seconds
Refreshing native plugins compatible for Editor in 1.13 ms, found 3 plugins.
Preloading 0 native plugins for Editor in 0.00 ms.
Unloading 2397 Unused Serialized files (Serialized files now loaded: 0)
System memory in use before: 105.5 MB.
System memory in use after: 105.7 MB.

Unloading 26 unused Assets to reduce memory usage. Loaded Objects now: 2836.
Total: 8.193100 ms (FindLiveObjects: 0.261300 ms CreateObjectMapping: 0.141800 ms MarkObjects: 7.595900 ms  DeleteObjects: 0.191800 ms)

AssetImportParameters requested are different than current active one (requested -> active):
  custom:framework-win-MediaFoundation: 216162199b28c13a410421893ffa2e32 -> 
  custom:video-decoder-ogg-theora: a1e56fd34408186e4bbccfd4996cb3dc -> 
  custom:container-muxer-webm: aa71ff27fc2769a1b78a27578f13a17b -> 
  custom:container-demuxer-webm: 4f35f7cbe854078d1ac9338744f61a02 -> 
  custom:container-demuxer-ogg: 62fdf1f143b41e24485cea50d1cbac27 -> 
  custom:video-encoder-webm-vp8: eb34c28f22e8b96e1ab97ce403110664 -> 
  custom:video-codec-MediaFoundation-h265: 746d11721c4dcdbdad8f713fa42b33f4 -> 
  custom:video-decoder-webm-vp8: 9c59270c3fd7afecdb556c50c9e8de78 -> 
  custom:audio-decoder-ogg-vorbis: bf7c407c2cedff20999df2af8eb42d56 -> 
  custom:audio-encoder-webm-vorbis: bf7c407c2cedff20999df2af8eb42d56 -> 
========================================================================
Received Import Request.
  path: Assets/2d Game/Pictures/Background/Bush/bush_4/bush_left/bush4_left.png
  artifactKey: Guid(20770c751602a96499a68a0ed6373b85) Importer(815301076,1909f56bfc062723c751e8b465ee728b)
Start importing Assets/2d Game/Pictures/Background/Bush/bush_4/bush_left/bush4_left.png using Guid(20770c751602a96499a68a0ed6373b85) Importer(815301076,1909f56bfc062723c751e8b465ee728b)  -> (artifact id: '4e91e75d95fb7b800d90cfe8d0b3b424') in 0.252203 seconds 
========================================================================
Received Import Request.
  Time since last request: 2.652131 seconds.
  path: Assets/2d Game/Pictures/Background/Bush/bush_4/bush_left/bush4_left.png
  artifactKey: Guid(20770c751602a96499a68a0ed6373b85) Importer(815301076,1909f56bfc062723c751e8b465ee728b)
Start importing Assets/2d Game/Pictures/Background/Bush/bush_4/bush_left/bush4_left.png using Guid(20770c751602a96499a68a0ed6373b85) Importer(815301076,1909f56bfc062723c751e8b465ee728b)  -> (artifact id: '16190dafa02dc9246a17092d04fb8841') in 0.019058 seconds 
========================================================================
Received Import Request.
  Time since last request: 1.860283 seconds.
  path: Assets/2d Game/Pictures/Background/Bush/bush_4/bush_left
  artifactKey: Guid(b9da840f56b6d6f498c9092b9caf3fb4) Importer(815301076,1909f56bfc062723c751e8b465ee728b)
Start importing Assets/2d Game/Pictures/Background/Bush/bush_4/bush_left using Guid(b9da840f56b6d6f498c9092b9caf3fb4) Importer(815301076,1909f56bfc062723c751e8b465ee728b)  -> (artifact id: '88c6c1d13ca03b4cced77311e04d59f9') in 0.016225 seconds 
========================================================================
Received Import Request.
  Time since last request: 29.731840 seconds.
  path: Assets/2d Game/Pictures/Background/Bush/bush_4/bush_right
  artifactKey: Guid(754060a63b1c1044497fc06f8e2cb70d) Importer(815301076,1909f56bfc062723c751e8b465ee728b)
Start importing Assets/2d Game/Pictures/Background/Bush/bush_4/bush_right using Guid(754060a63b1c1044497fc06f8e2cb70d) Importer(815301076,1909f56bfc062723c751e8b465ee728b)  -> (artifact id: 'f6f1bc533276db46e657910560af3949') in 0.016254 seconds 
========================================================================
Received Import Request.
  Time since last request: 112.594832 seconds.
  path: Assets/2d Game/Pictures/Background/Bush/bush_4/bush_right/bush_right.png
  artifactKey: Guid(c4f6e8a0760f9724a9f54104d9f7bccf) Importer(815301076,1909f56bfc062723c751e8b465ee728b)
Start importing Assets/2d Game/Pictures/Background/Bush/bush_4/bush_right/bush_right.png using Guid(c4f6e8a0760f9724a9f54104d9f7bccf) Importer(815301076,1909f56bfc062723c751e8b465ee728b)  -> (artifact id: '8378f7d7f5839f35704d81e9ebe61fec') in 0.031291 seconds 
========================================================================
Received Import Request.
  Time since last request: 9.372119 seconds.
  path: Assets/2d Game/Pictures/Background/Bush/bush_4/bush_right/bush_right.png
  artifactKey: Guid(c4f6e8a0760f9724a9f54104d9f7bccf) Importer(815301076,1909f56bfc062723c751e8b465ee728b)
Start importing Assets/2d Game/Pictures/Background/Bush/bush_4/bush_right/bush_right.png using Guid(c4f6e8a0760f9724a9f54104d9f7bccf) Importer(815301076,1909f56bfc062723c751e8b465ee728b)  -> (artifact id: 'be9c7d8519c99afbb7a5a6d229773332') in 0.014376 seconds 
========================================================================
Received Import Request.
  Time since last request: 41.892084 seconds.
  path: Assets/2d Game/Pictures/Background/Bush/bush_4/bush_right/bush_right.png
  artifactKey: Guid(c4f6e8a0760f9724a9f54104d9f7bccf) Importer(815301076,1909f56bfc062723c751e8b465ee728b)
Start importing Assets/2d Game/Pictures/Background/Bush/bush_4/bush_right/bush_right.png using Guid(c4f6e8a0760f9724a9f54104d9f7bccf) Importer(815301076,1909f56bfc062723c751e8b465ee728b)  -> (artifact id: 'c81142da509694ace27bf68ced4da83c') in 0.022849 seconds 
========================================================================
Received Import Request.
  Time since last request: 30.125714 seconds.
  path: Assets/2d Game/Pictures/Background/Bush/bush_4/bush_right/bush_right.png
  artifactKey: Guid(c4f6e8a0760f9724a9f54104d9f7bccf) Importer(815301076,1909f56bfc062723c751e8b465ee728b)
Start importing Assets/2d Game/Pictures/Background/Bush/bush_4/bush_right/bush_right.png using Guid(c4f6e8a0760f9724a9f54104d9f7bccf) Importer(815301076,1909f56bfc062723c751e8b465ee728b)  -> (artifact id: '2c09c07450d649ea5c27324fa2f5af27') in 0.022670 seconds 
========================================================================
Received Import Request.
  Time since last request: 22.966596 seconds.
  path: Assets/2d Game/Prefabes/SeeableObjects/bushes/bush_1.prefab
  artifactKey: Guid(ec5fcb1c0ff50b74d8a23e2ae502d57d) Importer(815301076,1909f56bfc062723c751e8b465ee728b)
Start importing Assets/2d Game/Prefabes/SeeableObjects/bushes/bush_1.prefab using Guid(ec5fcb1c0ff50b74d8a23e2ae502d57d) Importer(815301076,1909f56bfc062723c751e8b465ee728b)  -> (artifact id: '43ebbec7361f086dbcf678c603e066d6') in 0.101547 seconds 
========================================================================
Received Import Request.
  Time since last request: 0.000343 seconds.
  path: Assets/2d Game/Prefabes/SeeableObjects/bushes/bush_2.prefab
  artifactKey: Guid(78b7cb276fcf0e343b4e2dd64a9637b9) Importer(815301076,1909f56bfc062723c751e8b465ee728b)
Start importing Assets/2d Game/Prefabes/SeeableObjects/bushes/bush_2.prefab using Guid(78b7cb276fcf0e343b4e2dd64a9637b9) Importer(815301076,1909f56bfc062723c751e8b465ee728b)  -> (artifact id: 'd4a066c8cbd28c1121ba2a4f3fe8e92d') in 0.031173 seconds 
========================================================================
Received Import Request.
  Time since last request: 0.000435 seconds.
  path: Assets/2d Game/Prefabes/SeeableObjects/bushes/bush_3.prefab
  artifactKey: Guid(f180eeb7e93151e469c6880ba9ff85a6) Importer(815301076,1909f56bfc062723c751e8b465ee728b)
Start importing Assets/2d Game/Prefabes/SeeableObjects/bushes/bush_3.prefab using Guid(f180eeb7e93151e469c6880ba9ff85a6) Importer(815301076,1909f56bfc062723c751e8b465ee728b)  -> (artifact id: '61cab2aabfbee86ee99bf0007d4aa395') in 0.028855 seconds 
========================================================================
Received Import Request.
  Time since last request: 13.903182 seconds.
  path: Assets/2d Game/Scripts/InteractableObjects/Bush.cs
  artifactKey: Guid(b9563c6d1e8ed084f9e28c488ce52180) Importer(815301076,1909f56bfc062723c751e8b465ee728b)
Start importing Assets/2d Game/Scripts/InteractableObjects/Bush.cs using Guid(b9563c6d1e8ed084f9e28c488ce52180) Importer(815301076,1909f56bfc062723c751e8b465ee728b)  -> (artifact id: '84de41a664ba161d78d7246dc1746598') in 0.031558 seconds 
========================================================================
Received Import Request.
  Time since last request: 43.630194 seconds.
  path: Assets/2d Game/Animation/Objects/bushes/bush_4/bush_4.controller
  artifactKey: Guid(2b98668d38640df4dbcfe6e484cd9425) Importer(815301076,1909f56bfc062723c751e8b465ee728b)
Start importing Assets/2d Game/Animation/Objects/bushes/bush_4/bush_4.controller using Guid(2b98668d38640df4dbcfe6e484cd9425) Importer(815301076,1909f56bfc062723c751e8b465ee728b)  -> (artifact id: 'f248ba1a3b5c3f583c66594751978906') in 0.013387 seconds 
========================================================================
Received Import Request.
  Time since last request: 40.302119 seconds.
  path: Assets/2d Game/Animation/Objects/bushes/bush_4
  artifactKey: Guid(44e7d24f51c10e94d8348b83460aa812) Importer(815301076,1909f56bfc062723c751e8b465ee728b)
Start importing Assets/2d Game/Animation/Objects/bushes/bush_4 using Guid(44e7d24f51c10e94d8348b83460aa812) Importer(815301076,1909f56bfc062723c751e8b465ee728b)  -> (artifact id: '1eb1499d2733afd612fbdfb7da4e2e43') in 0.005621 seconds 
========================================================================
Received Import Request.
  Time since last request: 20.268126 seconds.
  path: Assets/2d Game/Animation/Objects/bushes/bush_4/bush_4.controller
  artifactKey: Guid(2b98668d38640df4dbcfe6e484cd9425) Importer(815301076,1909f56bfc062723c751e8b465ee728b)
Start importing Assets/2d Game/Animation/Objects/bushes/bush_4/bush_4.controller using Guid(2b98668d38640df4dbcfe6e484cd9425) Importer(815301076,1909f56bfc062723c751e8b465ee728b)  -> (artifact id: 'f076c436f227ae30d9717d831aaa6457') in 0.006642 seconds 
========================================================================
Received Import Request.
  Time since last request: 82.613370 seconds.
  path: Assets/2d Game/Animation/Objects/bushes/bush_4/bush_left.anim
  artifactKey: Guid(9a44a43454626d944a48923d0542ce2f) Importer(815301076,1909f56bfc062723c751e8b465ee728b)
Start importing Assets/2d Game/Animation/Objects/bushes/bush_4/bush_left.anim using Guid(9a44a43454626d944a48923d0542ce2f) Importer(815301076,1909f56bfc062723c751e8b465ee728b)  -> (artifact id: '8ad38029b80dcc94ce9ab4abd0760ddf') in 0.016289 seconds 
========================================================================
Received Import Request.
  Time since last request: 1.859433 seconds.
  path: Assets/2d Game/Animation/Objects/bushes/bush_4/bush_right.anim
  artifactKey: Guid(a271d8f715c948543bf5da3c578b09de) Importer(815301076,1909f56bfc062723c751e8b465ee728b)
Start importing Assets/2d Game/Animation/Objects/bushes/bush_4/bush_right.anim using Guid(a271d8f715c948543bf5da3c578b09de) Importer(815301076,1909f56bfc062723c751e8b465ee728b)  -> (artifact id: '1b32b73806021f4988ac56549fdc5daf') in 0.005451 seconds 
========================================================================
Received Import Request.
  Time since last request: 2.539016 seconds.
  path: Assets/2d Game/Animation/Objects/bushes/bush_4/null.anim
  artifactKey: Guid(81c318760b7a8b94ea8393d5cf9b05b8) Importer(815301076,1909f56bfc062723c751e8b465ee728b)
Start importing Assets/2d Game/Animation/Objects/bushes/bush_4/null.anim using Guid(81c318760b7a8b94ea8393d5cf9b05b8) Importer(815301076,1909f56bfc062723c751e8b465ee728b)  -> (artifact id: 'c5a71edf72d651fcc17f90b204ff6515') in 0.023733 seconds 
========================================================================
Received Prepare
Registering precompiled user dll's ...
Registered in 0.006393 seconds.
Begin MonoManager ReloadAssembly
Native extension for WindowsStandalone target not found
Native extension for WebGL target not found
Refreshing native plugins compatible for Editor in 0.90 ms, found 3 plugins.
Preloading 0 native plugins for Editor in 0.00 ms.
Mono: successfully reloaded assembly
- Completed reload, in  1.908 seconds
Domain Reload Profiling:
	ReloadAssembly (1909ms)
		BeginReloadAssembly (211ms)
			ExecutionOrderSort (0ms)
			DisableScriptedObjects (12ms)
			BackupInstance (0ms)
			ReleaseScriptingObjects (0ms)
			CreateAndSetChildDomain (65ms)
		EndReloadAssembly (1576ms)
			LoadAssemblies (189ms)
			RebuildTransferFunctionScriptingTraits (0ms)
			SetupTypeCache (514ms)
			ReleaseScriptCaches (2ms)
			RebuildScriptCaches (80ms)
			SetupLoadedEditorAssemblies (599ms)
				LogAssemblyErrors (0ms)
				InitializePlatformSupportModulesInManaged (11ms)
				SetLoadedEditorAssemblies (1ms)
				RefreshPlugins (1ms)
				BeforeProcessingInitializeOnLoad (164ms)
				ProcessInitializeOnLoadAttributes (389ms)
				ProcessInitializeOnLoadMethodAttributes (23ms)
				AfterProcessingInitializeOnLoad (10ms)
				EditorAssembliesLoaded (0ms)
			ExecutionOrderSort2 (0ms)
			AwakeInstancesAfterBackupRestoration (22ms)
Platform modules already initialized, skipping
Refreshing native plugins compatible for Editor in 0.88 ms, found 3 plugins.
Preloading 0 native plugins for Editor in 0.00 ms.
Unloading 2371 Unused Serialized files (Serialized files now loaded: 0)
System memory in use before: 106.6 MB.
System memory in use after: 106.8 MB.

Unloading 15 unused Assets to reduce memory usage. Loaded Objects now: 2849.
Total: 5.296500 ms (FindLiveObjects: 0.376600 ms CreateObjectMapping: 0.123200 ms MarkObjects: 4.757300 ms  DeleteObjects: 0.037800 ms)

AssetImportParameters requested are different than current active one (requested -> active):
  custom:framework-win-MediaFoundation: 216162199b28c13a410421893ffa2e32 -> 
  custom:video-decoder-ogg-theora: a1e56fd34408186e4bbccfd4996cb3dc -> 
  custom:container-muxer-webm: aa71ff27fc2769a1b78a27578f13a17b -> 
  custom:container-demuxer-webm: 4f35f7cbe854078d1ac9338744f61a02 -> 
  custom:container-demuxer-ogg: 62fdf1f143b41e24485cea50d1cbac27 -> 
  custom:video-encoder-webm-vp8: eb34c28f22e8b96e1ab97ce403110664 -> 
  custom:video-codec-MediaFoundation-h265: 746d11721c4dcdbdad8f713fa42b33f4 -> 
  custom:video-decoder-webm-vp8: 9c59270c3fd7afecdb556c50c9e8de78 -> 
  custom:audio-decoder-ogg-vorbis: bf7c407c2cedff20999df2af8eb42d56 -> 
  custom:audio-encoder-webm-vorbis: bf7c407c2cedff20999df2af8eb42d56 -> 
========================================================================
Received Prepare
Registering precompiled user dll's ...
Registered in 0.005614 seconds.
Begin MonoManager ReloadAssembly
Native extension for WindowsStandalone target not found
Native extension for WebGL target not found
Refreshing native plugins compatible for Editor in 0.85 ms, found 3 plugins.
Preloading 0 native plugins for Editor in 0.00 ms.
Mono: successfully reloaded assembly
- Completed reload, in  1.833 seconds
Domain Reload Profiling:
	ReloadAssembly (1834ms)
		BeginReloadAssembly (192ms)
			ExecutionOrderSort (0ms)
			DisableScriptedObjects (11ms)
			BackupInstance (0ms)
			ReleaseScriptingObjects (0ms)
			CreateAndSetChildDomain (60ms)
		EndReloadAssembly (1535ms)
			LoadAssemblies (166ms)
			RebuildTransferFunctionScriptingTraits (0ms)
			SetupTypeCache (509ms)
			ReleaseScriptCaches (2ms)
			RebuildScriptCaches (75ms)
			SetupLoadedEditorAssemblies (604ms)
				LogAssemblyErrors (0ms)
				InitializePlatformSupportModulesInManaged (10ms)
				SetLoadedEditorAssemblies (1ms)
				RefreshPlugins (1ms)
				BeforeProcessingInitializeOnLoad (156ms)
				ProcessInitializeOnLoadAttributes (404ms)
				ProcessInitializeOnLoadMethodAttributes (21ms)
				AfterProcessingInitializeOnLoad (10ms)
				EditorAssembliesLoaded (1ms)
			ExecutionOrderSort2 (0ms)
			AwakeInstancesAfterBackupRestoration (17ms)
Platform modules already initialized, skipping
Refreshing native plugins compatible for Editor in 0.90 ms, found 3 plugins.
Preloading 0 native plugins for Editor in 0.00 ms.
Unloading 2371 Unused Serialized files (Serialized files now loaded: 0)
System memory in use before: 106.6 MB.
System memory in use after: 106.8 MB.

Unloading 15 unused Assets to reduce memory usage. Loaded Objects now: 2852.
Total: 7.136400 ms (FindLiveObjects: 0.377300 ms CreateObjectMapping: 0.133500 ms MarkObjects: 6.580800 ms  DeleteObjects: 0.042200 ms)

AssetImportParameters requested are different than current active one (requested -> active):
  custom:framework-win-MediaFoundation: 216162199b28c13a410421893ffa2e32 -> 
  custom:video-decoder-ogg-theora: a1e56fd34408186e4bbccfd4996cb3dc -> 
  custom:container-muxer-webm: aa71ff27fc2769a1b78a27578f13a17b -> 
  custom:container-demuxer-webm: 4f35f7cbe854078d1ac9338744f61a02 -> 
  custom:container-demuxer-ogg: 62fdf1f143b41e24485cea50d1cbac27 -> 
  custom:video-encoder-webm-vp8: eb34c28f22e8b96e1ab97ce403110664 -> 
  custom:video-codec-MediaFoundation-h265: 746d11721c4dcdbdad8f713fa42b33f4 -> 
  custom:video-decoder-webm-vp8: 9c59270c3fd7afecdb556c50c9e8de78 -> 
  custom:audio-decoder-ogg-vorbis: bf7c407c2cedff20999df2af8eb42d56 -> 
  custom:audio-encoder-webm-vorbis: bf7c407c2cedff20999df2af8eb42d56 -> 
========================================================================
Received Prepare
Registering precompiled user dll's ...
Registered in 0.005977 seconds.
Begin MonoManager ReloadAssembly
Native extension for WindowsStandalone target not found
Native extension for WebGL target not found
Refreshing native plugins compatible for Editor in 0.88 ms, found 3 plugins.
Preloading 0 native plugins for Editor in 0.00 ms.
Mono: successfully reloaded assembly
- Completed reload, in  1.962 seconds
Domain Reload Profiling:
	ReloadAssembly (1963ms)
		BeginReloadAssembly (217ms)
			ExecutionOrderSort (0ms)
			DisableScriptedObjects (13ms)
			BackupInstance (0ms)
			ReleaseScriptingObjects (0ms)
			CreateAndSetChildDomain (60ms)
		EndReloadAssembly (1593ms)
			LoadAssemblies (205ms)
			RebuildTransferFunctionScriptingTraits (0ms)
			SetupTypeCache (522ms)
			ReleaseScriptCaches (2ms)
			RebuildScriptCaches (82ms)
			SetupLoadedEditorAssemblies (622ms)
				LogAssemblyErrors (0ms)
				InitializePlatformSupportModulesInManaged (11ms)
				SetLoadedEditorAssemblies (1ms)
				RefreshPlugins (1ms)
				BeforeProcessingInitializeOnLoad (166ms)
				ProcessInitializeOnLoadAttributes (411ms)
				ProcessInitializeOnLoadMethodAttributes (20ms)
				AfterProcessingInitializeOnLoad (12ms)
				EditorAssembliesLoaded (0ms)
			ExecutionOrderSort2 (0ms)
			AwakeInstancesAfterBackupRestoration (17ms)
Platform modules already initialized, skipping
Refreshing native plugins compatible for Editor in 0.97 ms, found 3 plugins.
Preloading 0 native plugins for Editor in 0.00 ms.
Unloading 2371 Unused Serialized files (Serialized files now loaded: 0)
System memory in use before: 106.6 MB.
System memory in use after: 106.8 MB.

Unloading 15 unused Assets to reduce memory usage. Loaded Objects now: 2855.
Total: 7.200000 ms (FindLiveObjects: 0.394700 ms CreateObjectMapping: 0.132700 ms MarkObjects: 6.613900 ms  DeleteObjects: 0.056900 ms)

AssetImportParameters requested are different than current active one (requested -> active):
  custom:framework-win-MediaFoundation: 216162199b28c13a410421893ffa2e32 -> 
  custom:video-decoder-ogg-theora: a1e56fd34408186e4bbccfd4996cb3dc -> 
  custom:container-muxer-webm: aa71ff27fc2769a1b78a27578f13a17b -> 
  custom:container-demuxer-webm: 4f35f7cbe854078d1ac9338744f61a02 -> 
  custom:container-demuxer-ogg: 62fdf1f143b41e24485cea50d1cbac27 -> 
  custom:video-encoder-webm-vp8: eb34c28f22e8b96e1ab97ce403110664 -> 
  custom:video-codec-MediaFoundation-h265: 746d11721c4dcdbdad8f713fa42b33f4 -> 
  custom:video-decoder-webm-vp8: 9c59270c3fd7afecdb556c50c9e8de78 -> 
  custom:audio-decoder-ogg-vorbis: bf7c407c2cedff20999df2af8eb42d56 -> 
  custom:audio-encoder-webm-vorbis: bf7c407c2cedff20999df2af8eb42d56 -> 
========================================================================
Received Prepare
Registering precompiled user dll's ...
Registered in 0.005828 seconds.
Begin MonoManager ReloadAssembly
Native extension for WindowsStandalone target not found
Native extension for WebGL target not found
Refreshing native plugins compatible for Editor in 0.90 ms, found 3 plugins.
Preloading 0 native plugins for Editor in 0.00 ms.
Mono: successfully reloaded assembly
- Completed reload, in  1.883 seconds
Domain Reload Profiling:
	ReloadAssembly (1884ms)
		BeginReloadAssembly (199ms)
			ExecutionOrderSort (0ms)
			DisableScriptedObjects (17ms)
			BackupInstance (0ms)
			ReleaseScriptingObjects (0ms)
			CreateAndSetChildDomain (63ms)
		EndReloadAssembly (1579ms)
			LoadAssemblies (172ms)
			RebuildTransferFunctionScriptingTraits (0ms)
			SetupTypeCache (515ms)
			ReleaseScriptCaches (2ms)
			RebuildScriptCaches (80ms)
			SetupLoadedEditorAssemblies (611ms)
				LogAssemblyErrors (0ms)
				InitializePlatformSupportModulesInManaged (11ms)
				SetLoadedEditorAssemblies (1ms)
				RefreshPlugins (1ms)
				BeforeProcessingInitializeOnLoad (155ms)
				ProcessInitializeOnLoadAttributes (410ms)
				ProcessInitializeOnLoadMethodAttributes (20ms)
				AfterProcessingInitializeOnLoad (12ms)
				EditorAssembliesLoaded (0ms)
			ExecutionOrderSort2 (0ms)
			AwakeInstancesAfterBackupRestoration (20ms)
Platform modules already initialized, skipping
Refreshing native plugins compatible for Editor in 1.42 ms, found 3 plugins.
Preloading 0 native plugins for Editor in 0.00 ms.
Unloading 2371 Unused Serialized files (Serialized files now loaded: 0)
System memory in use before: 106.6 MB.
System memory in use after: 106.9 MB.

Unloading 15 unused Assets to reduce memory usage. Loaded Objects now: 2858.
Total: 7.460100 ms (FindLiveObjects: 0.294800 ms CreateObjectMapping: 0.116300 ms MarkObjects: 7.006900 ms  DeleteObjects: 0.040000 ms)

AssetImportParameters requested are different than current active one (requested -> active):
  custom:framework-win-MediaFoundation: 216162199b28c13a410421893ffa2e32 -> 
  custom:video-decoder-ogg-theora: a1e56fd34408186e4bbccfd4996cb3dc -> 
  custom:container-muxer-webm: aa71ff27fc2769a1b78a27578f13a17b -> 
  custom:container-demuxer-webm: 4f35f7cbe854078d1ac9338744f61a02 -> 
  custom:container-demuxer-ogg: 62fdf1f143b41e24485cea50d1cbac27 -> 
  custom:video-encoder-webm-vp8: eb34c28f22e8b96e1ab97ce403110664 -> 
  custom:video-codec-MediaFoundation-h265: 746d11721c4dcdbdad8f713fa42b33f4 -> 
  custom:video-decoder-webm-vp8: 9c59270c3fd7afecdb556c50c9e8de78 -> 
  custom:audio-decoder-ogg-vorbis: bf7c407c2cedff20999df2af8eb42d56 -> 
  custom:audio-encoder-webm-vorbis: bf7c407c2cedff20999df2af8eb42d56 -> 
========================================================================
Received Prepare
Registering precompiled user dll's ...
Registered in 0.012072 seconds.
Begin MonoManager ReloadAssembly
Native extension for WindowsStandalone target not found
Native extension for WebGL target not found
Refreshing native plugins compatible for Editor in 1.41 ms, found 3 plugins.
Preloading 0 native plugins for Editor in 0.00 ms.
Mono: successfully reloaded assembly
- Completed reload, in  2.864 seconds
Domain Reload Profiling:
	ReloadAssembly (2868ms)
		BeginReloadAssembly (483ms)
			ExecutionOrderSort (0ms)
			DisableScriptedObjects (60ms)
			BackupInstance (0ms)
			ReleaseScriptingObjects (0ms)
			CreateAndSetChildDomain (156ms)
		EndReloadAssembly (2257ms)
			LoadAssemblies (343ms)
			RebuildTransferFunctionScriptingTraits (1ms)
			SetupTypeCache (669ms)
			ReleaseScriptCaches (2ms)
			RebuildScriptCaches (105ms)
			SetupLoadedEditorAssemblies (880ms)
				LogAssemblyErrors (0ms)
				InitializePlatformSupportModulesInManaged (17ms)
				SetLoadedEditorAssemblies (4ms)
				RefreshPlugins (2ms)
				BeforeProcessingInitializeOnLoad (196ms)
				ProcessInitializeOnLoadAttributes (613ms)
				ProcessInitializeOnLoadMethodAttributes (33ms)
				AfterProcessingInitializeOnLoad (15ms)
				EditorAssembliesLoaded (1ms)
			ExecutionOrderSort2 (0ms)
			AwakeInstancesAfterBackupRestoration (22ms)
Platform modules already initialized, skipping
Refreshing native plugins compatible for Editor in 1.47 ms, found 3 plugins.
Preloading 0 native plugins for Editor in 0.00 ms.
Unloading 2371 Unused Serialized files (Serialized files now loaded: 0)
System memory in use before: 106.6 MB.
System memory in use after: 106.8 MB.

Unloading 15 unused Assets to reduce memory usage. Loaded Objects now: 2861.
Total: 24.922900 ms (FindLiveObjects: 0.511500 ms CreateObjectMapping: 0.218900 ms MarkObjects: 23.919700 ms  DeleteObjects: 0.269500 ms)

AssetImportParameters requested are different than current active one (requested -> active):
  custom:framework-win-MediaFoundation: 216162199b28c13a410421893ffa2e32 -> 
  custom:video-decoder-ogg-theora: a1e56fd34408186e4bbccfd4996cb3dc -> 
  custom:container-muxer-webm: aa71ff27fc2769a1b78a27578f13a17b -> 
  custom:container-demuxer-webm: 4f35f7cbe854078d1ac9338744f61a02 -> 
  custom:container-demuxer-ogg: 62fdf1f143b41e24485cea50d1cbac27 -> 
  custom:video-encoder-webm-vp8: eb34c28f22e8b96e1ab97ce403110664 -> 
  custom:video-codec-MediaFoundation-h265: 746d11721c4dcdbdad8f713fa42b33f4 -> 
  custom:video-decoder-webm-vp8: 9c59270c3fd7afecdb556c50c9e8de78 -> 
  custom:audio-decoder-ogg-vorbis: bf7c407c2cedff20999df2af8eb42d56 -> 
  custom:audio-encoder-webm-vorbis: bf7c407c2cedff20999df2af8eb42d56 -> 
========================================================================
Received Import Request.
  Time since last request: 279.626866 seconds.
  path: Assets/Z_General/Inventory/Scripts/Inventory.cs
  artifactKey: Guid(14b1e19cb1dc07a4ba77b2193840c18f) Importer(815301076,1909f56bfc062723c751e8b465ee728b)
Start importing Assets/Z_General/Inventory/Scripts/Inventory.cs using Guid(14b1e19cb1dc07a4ba77b2193840c18f) Importer(815301076,1909f56bfc062723c751e8b465ee728b)  -> (artifact id: '5942391c624e7673f7b2d665c4cea3c5') in 0.036933 seconds 
========================================================================
Received Import Request.
  Time since last request: 4.886828 seconds.
  path: Assets/Z_General/Inventory/Scripts/Item.cs
  artifactKey: Guid(e36464cc1610c5540aa1894d3b47c73f) Importer(815301076,1909f56bfc062723c751e8b465ee728b)
Start importing Assets/Z_General/Inventory/Scripts/Item.cs using Guid(e36464cc1610c5540aa1894d3b47c73f) Importer(815301076,1909f56bfc062723c751e8b465ee728b)  -> (artifact id: '98dcb8028bac50f3570feb93fb3d3e22') in 0.016930 seconds 
========================================================================
Received Import Request.
  Time since last request: 14.871093 seconds.
  path: Assets/Z_General/Inventory/Scripts/ItemSprites.cs
  artifactKey: Guid(9b96e0af07493b048b491a4f96238a57) Importer(815301076,1909f56bfc062723c751e8b465ee728b)
Start importing Assets/Z_General/Inventory/Scripts/ItemSprites.cs using Guid(9b96e0af07493b048b491a4f96238a57) Importer(815301076,1909f56bfc062723c751e8b465ee728b)  -> (artifact id: '303f774eb31378a2a2cfe62d30029c3b') in 0.019119 seconds 
========================================================================
Received Prepare
Registering precompiled user dll's ...
Registered in 0.007112 seconds.
Begin MonoManager ReloadAssembly
Native extension for WindowsStandalone target not found
Native extension for WebGL target not found
Refreshing native plugins compatible for Editor in 1.17 ms, found 3 plugins.
Preloading 0 native plugins for Editor in 0.00 ms.
Mono: successfully reloaded assembly
- Completed reload, in  2.053 seconds
Domain Reload Profiling:
	ReloadAssembly (2058ms)
		BeginReloadAssembly (320ms)
			ExecutionOrderSort (0ms)
			DisableScriptedObjects (25ms)
			BackupInstance (0ms)
			ReleaseScriptingObjects (0ms)
			CreateAndSetChildDomain (108ms)
		EndReloadAssembly (1626ms)
			LoadAssemblies (229ms)
			RebuildTransferFunctionScriptingTraits (0ms)
			SetupTypeCache (552ms)
			ReleaseScriptCaches (2ms)
			RebuildScriptCaches (77ms)
			SetupLoadedEditorAssemblies (624ms)
				LogAssemblyErrors (0ms)
				InitializePlatformSupportModulesInManaged (11ms)
				SetLoadedEditorAssemblies (1ms)
				RefreshPlugins (1ms)
				BeforeProcessingInitializeOnLoad (167ms)
				ProcessInitializeOnLoadAttributes (412ms)
				ProcessInitializeOnLoadMethodAttributes (21ms)
				AfterProcessingInitializeOnLoad (10ms)
				EditorAssembliesLoaded (0ms)
			ExecutionOrderSort2 (0ms)
			AwakeInstancesAfterBackupRestoration (19ms)
Platform modules already initialized, skipping
Refreshing native plugins compatible for Editor in 0.96 ms, found 3 plugins.
Preloading 0 native plugins for Editor in 0.00 ms.
Unloading 2371 Unused Serialized files (Serialized files now loaded: 0)
System memory in use before: 106.7 MB.
System memory in use after: 106.9 MB.

Unloading 15 unused Assets to reduce memory usage. Loaded Objects now: 2864.
Total: 9.899300 ms (FindLiveObjects: 0.794400 ms CreateObjectMapping: 0.291700 ms MarkObjects: 8.710900 ms  DeleteObjects: 0.100200 ms)

AssetImportParameters requested are different than current active one (requested -> active):
  custom:framework-win-MediaFoundation: 216162199b28c13a410421893ffa2e32 -> 
  custom:video-decoder-ogg-theora: a1e56fd34408186e4bbccfd4996cb3dc -> 
  custom:container-muxer-webm: aa71ff27fc2769a1b78a27578f13a17b -> 
  custom:container-demuxer-webm: 4f35f7cbe854078d1ac9338744f61a02 -> 
  custom:container-demuxer-ogg: 62fdf1f143b41e24485cea50d1cbac27 -> 
  custom:video-encoder-webm-vp8: eb34c28f22e8b96e1ab97ce403110664 -> 
  custom:video-codec-MediaFoundation-h265: 746d11721c4dcdbdad8f713fa42b33f4 -> 
  custom:video-decoder-webm-vp8: 9c59270c3fd7afecdb556c50c9e8de78 -> 
  custom:audio-decoder-ogg-vorbis: bf7c407c2cedff20999df2af8eb42d56 -> 
  custom:audio-encoder-webm-vorbis: bf7c407c2cedff20999df2af8eb42d56 -> 
AssetImportWorkerClient::OnTransportError - code=2 error=End of file
